<?xml version="1.0" encoding="UTF-8"?>
<!-- Generated by org.testng.reporters.JUnitReportReporter -->
<testsuite hostname="DESKTOP-Izac" name="test.PageOneTest2" tests="2" failures="0" timestamp="21 Feb 2020 00:30:14 GMT" time="2.043" errors="0">
  <testcase name="validarURL1" time="1.033" classname="test.PageOneTest2"/>
  <testcase name="validarTitle1" time="1.010" classname="test.PageOneTest2"/>
</testsuite> <!-- test.PageOneTest2 -->
