<?xml version="1.0" encoding="UTF-8"?>
<!-- Generated by org.testng.reporters.JUnitReportReporter -->
<testsuite hostname="DESKTOP-Izac" name="test.PageOneTest1" tests="4" failures="0" timestamp="21 Feb 2020 00:30:14 GMT" time="0.047" errors="0">
  <testcase name="validarTitleTwo" time="0.009" classname="test.PageOneTest1"/>
  <testcase name="validarTitle" time="0.020" classname="test.PageOneTest1"/>
  <testcase name="validarURL" time="0.009" classname="test.PageOneTest1"/>
  <testcase name="validarTitleTestTwo" time="0.009" classname="test.PageOneTest1"/>
</testsuite> <!-- test.PageOneTest1 -->
