<?xml version="1.0" encoding="UTF-8"?>
<!-- Generated by org.testng.reporters.JUnitReportReporter -->
<testsuite hostname="DESKTOP-Izac" name="testA.PageOneTest2" tests="2" failures="0" timestamp="25 Feb 2020 19:04:53 GMT" time="2.020" errors="0">
  <testcase name="validarTitle1" time="1.010" classname="testA.PageOneTest2"/>
  <testcase name="validarURL1" time="1.010" classname="testA.PageOneTest2"/>
</testsuite> <!-- testA.PageOneTest2 -->
