<?xml version="1.0" encoding="UTF-8"?>
<!-- Generated by org.testng.reporters.JUnitReportReporter -->
<testsuite hostname="DESKTOP-Izac" name="testA.PageOneTest1" tests="4" failures="0" timestamp="25 Feb 2020 19:04:53 GMT" time="0.073" errors="0">
  <testcase name="validarTitleTwo" time="0.019" classname="testA.PageOneTest1"/>
  <testcase name="validarURL" time="0.010" classname="testA.PageOneTest1"/>
  <testcase name="validarTitle" time="0.036" classname="testA.PageOneTest1"/>
  <testcase name="validarTitleTestTwo" time="0.008" classname="testA.PageOneTest1"/>
</testsuite> <!-- testA.PageOneTest1 -->
