<?xml version="1.0" encoding="UTF-8"?>
<!-- Generated by org.testng.reporters.JUnitReportReporter -->
<testsuite hostname="DESKTOP-Izac" name="testA.PageOneTest1" tests="4" failures="0" timestamp="21 Feb 2020 00:52:41 GMT" time="0.047" errors="0">
  <testcase name="validarTitleTestTwo" time="0.006" classname="testA.PageOneTest1"/>
  <testcase name="validarURL" time="0.010" classname="testA.PageOneTest1"/>
  <testcase name="validarTitleTwo" time="0.007" classname="testA.PageOneTest1"/>
  <testcase name="validarTitle" time="0.024" classname="testA.PageOneTest1"/>
</testsuite> <!-- testA.PageOneTest1 -->
