<?xml version="1.0" encoding="UTF-8"?>
<!-- Generated by org.testng.reporters.JUnitReportReporter -->
<testsuite hostname="DESKTOP-Izac" name="test.PageOneTest2" tests="2" failures="0" timestamp="20 Feb 2020 23:28:20 GMT" time="2.021" errors="0">
  <testcase name="validarTitle1" time="1.012" classname="test.PageOneTest2"/>
  <testcase name="validarURL1" time="1.009" classname="test.PageOneTest2"/>
</testsuite> <!-- test.PageOneTest2 -->
