<?xml version="1.0" encoding="UTF-8"?>
<!-- Generated by org.testng.reporters.JUnitReportReporter -->
<testsuite hostname="DESKTOP-Izac" name="test.PageOneTest1" tests="4" failures="0" timestamp="20 Feb 2020 23:36:29 GMT" time="0.044" errors="0">
  <testcase name="validarTitleTwo" time="0.008" classname="test.PageOneTest1"/>
  <testcase name="validarTitle" time="0.020" classname="test.PageOneTest1"/>
  <testcase name="validarTitleTestTwo" time="0.008" classname="test.PageOneTest1"/>
  <testcase name="validarURL" time="0.008" classname="test.PageOneTest1"/>
</testsuite> <!-- test.PageOneTest1 -->
