<?xml version="1.0" encoding="UTF-8"?>
<!-- Generated by org.testng.reporters.JUnitReportReporter -->
<testsuite hostname="DESKTOP-Izac" name="testA.PageOneTest2" tests="2" failures="0" timestamp="21 Feb 2020 00:52:41 GMT" time="2.032" errors="0">
  <testcase name="validarTitle1" time="1.012" classname="testA.PageOneTest2"/>
  <testcase name="validarURL1" time="1.020" classname="testA.PageOneTest2"/>
</testsuite> <!-- testA.PageOneTest2 -->
